Space Advanced Sections (confluence.sections.space.advanced, Version: 1.0, Installed: bundled)
Space Browse Sections (confluence.sections.space.browse, Version: 1.0, Installed: bundled)
Space Export Web Interface (confluence.sections.space.export.view, Version: 1.0, Installed: bundled)
Space Item Tabs (confluence.sections.space, Version: 1.0, Installed: bundled)
Space Labels Sections (confluence.sections.space.labels, Version: 1.0, Installed: bundled)
Space Pages Sections (confluence.sections.space.pages, Version: 1.0, Installed: bundled)
Space Tools Sections (confluence.sections.space.tools, Version: 1.0, Installed: bundled)
Spring Interceptor Adapter Plugin (com.atlassian.plugins.atlassian-spring-interceptor-adapter-plugin-1.1, Version: 1.1, Installed: bundled)
Status Macro (com.atlassian.confluence.plugins.status-macro, Version: 1.14, Installed: bundled)
Streams API (com.atlassian.streams.streams-api-5.2.0, Version: 5.2.0, Installed: bundled)
Streams Core Plugin (com.atlassian.streams.core, Version: 5.2.0, Installed: bundled)
Streams Inline Actions Plugin (com.atlassian.streams.actions, Version: 5.2.0, Installed: bundled)
Streams Plugin (com.atlassian.streams, Version: 5.2.0, Installed: bundled)
Streams SPI (com.atlassian.streams.streams-spi-5.2.0, Version: 5.2.0, Installed: bundled)
Support Tools Plugin (com.atlassian.support.stp, Version: 3.0.19, Installed: bundled)
System Templates (com.atlassian.confluence.plugins.system-templates, Version: 5.0.3, Installed: bundled)
System Web Components (confluence.web.components, Version: 1.0, Installed: bundled)
System Web Panels (confluence.web.panels, Version: 1.0, Installed: bundled)
System Web Panels (confluence.web.panel.renderers, Version: 1.0, Installed: bundled)
System Web Resources (confluence.web.resources, Version: 1.0, Installed: bundled)
TDM Merger (com.atlassian.plugins.confluence-tdm-merger, Version: 5.0.3, Installed: bundled)
Table of Contents Plugin (org.randombits.confluence.toc, Version: 2.6.8, Installed: Sep 11, 2013)
Tabular Metadata (confluence.extra.masterdetail, Version: 2.13.2, Installed: bundled)
TinyMCE Editor Plugin (com.atlassian.confluence.tinymceplugin, Version: 5.0.3, Installed: bundled)
UWC Importer Admin Panel (com.atlassian.confluence.plugins.uwc.uwcimporter-adminpanel, Version: 1.2.2, Installed: bundled)
Upgrade Administration Interface (confluence.sections.admin.upgrade, Version: 1.0, Installed: bundled)
User Administration (confluence.admin.user, Version: 1.0, Installed: bundled)
User Hover Menu Sections (confluence.user.hover.menu, Version: 1.0, Installed: bundled)
User Lister (confluence.extra.userlister, Version: 2.5.1, Installed: bundled)
User Menu Sections (confluence.user.menu, Version: 1.0, Installed: bundled)
User Menu Sections (confluence.user.menu.concise, Version: 1.0, Installed: bundled)
User Status (confluence.userstatus, Version: 1.0, Installed: bundled)
View Profile Web Interface (confluence.sections.profile.view, Version: 1.0, Installed: bundled)
View follow resources (confluence.sections.user.view.follow, Version: 1.0, Installed: bundled)
WebDAV Plugin (confluence.extra.webdav, Version: 3.0.2, Installed: bundled)
Widget Connector (com.atlassian.confluence.extra.widgetconnector, Version: 2.1.3, Installed: Apr 2, 2013)
Wiki Markup Plugin (confluence.xhtml.wikimarkup, Version: 1.0, Installed: bundled)
Wiki Renderer Components (confluence.renderer.components, Version: 1.0, Installed: bundled)
atlassian-help-tips (com.atlassian.plugins.atlassian-help-tips, Version: 1.4, Installed: bundled)
guice (com.google.inject-3.0.0, Version: 3.0.0, Installed: bundled)
remotable.plugins.i18n (remotable.plugins.i18n, Version: 1, Installed: Jan 17, 2014)
sslplugin (com.atlassian.confluence.plugins.ssl.sslplugin, Version: 1.0, Installed: Apr 2, 2013)

2014-01-17 21:02:10,868 INFO [main] [com.atlassian.confluence.lifecycle] init Confluence is ready to serve
2014-01-17 21:03:24,547 INFO [read-only-transaction:thread-1] [atlassian.confluence.user.DefaultUserAccessor] getUserNamesWithConfluenceAccess Could not find group configured with USE permission: null
2014-01-17 21:05:09,972 ERROR [UpmAsynchronousTaskManager:thread-2] [sf.hibernate.util.JDBCExceptionReporter] logExceptions Packet for query is too large (24674564 > 5242880). You can change this value on the server by setting the max_allowed_packet' variable.
 -- referer: https://powerme.pwrplan.com/plugins/servlet/upm | url: /rest/plugins/1.0/ | userName: sysadmin
2014-01-17 21:05:09,972 ERROR [UpmAsynchronousTaskManager:thread-2] [sf.hibernate.impl.SessionImpl] execute Could not synchronize database state with session
 -- referer: https://powerme.pwrplan.com/plugins/servlet/upm | url: /rest/plugins/1.0/ | userName: sysadmin
2014-01-17 21:05:10,284 WARN [UpmAsynchronousTaskManager:thread-2] [upm.manager.install.ObrPluginInstallHandler] installPluginInternal Failed to remove local OBR repository resources
 -- referer: https://powerme.pwrplan.com/plugins/servlet/upm | url: /rest/plugins/1.0/ | userName: sysadmin
2014-01-17 21:05:10,284 WARN [UpmAsynchronousTaskManager:thread-2] [atlassian.upm.manager.PluginInstallationServiceImpl] installPlugin Plugin installation failed: Failed to install OBR jar artifact
 -- referer: https://powerme.pwrplan.com/plugins/servlet/upm | url: /rest/plugins/1.0/ | userName: sysadmin
2014-01-17 21:05:10,284 WARN [UpmAsynchronousTaskManager:thread-2] [atlassian.upm.manager.PluginInstallationServiceImpl] installPlugin com.atlassian.upm.spi.PluginInstallException: Failed to install OBR jar artifact
 -- referer: https://powerme.pwrplan.com/plugins/servlet/upm | url: /rest/plugins/1.0/ | userName: sysadmin
com.atlassian.upm.spi.PluginInstallException: Failed to install OBR jar artifact
	at com.atlassian.upm.manager.install.ObrPluginInstallHandler.installPluginInternal(ObrPluginInstallHandler.java:157)
	at com.atlassian.upm.manager.install.AbstractPluginInstallHandler.installPlugin(AbstractPluginInstallHandler.java:55)
	at com.atlassian.upm.manager.PluginInstallationServiceImpl.installPlugin(PluginInstallationServiceImpl.java:85)
	at com.atlassian.upm.manager.PluginInstaller.execute(PluginInstaller.java:141)
	at com.atlassian.upm.manager.PluginInstaller.install(PluginInstaller.java:96)
	at com.atlassian.upm.rest.resources.install.InstallTask.installFromFile(InstallTask.java:121)
	at com.atlassian.upm.rest.resources.install.InstallFromFileTask.executeTask(InstallFromFileTask.java:39)
	at com.atlassian.upm.rest.resources.install.InstallTask.call(InstallTask.java:62)
	at com.atlassian.upm.rest.resources.install.InstallTask.call(InstallTask.java:32)
	at com.atlassian.upm.rest.async.AsynchronousTaskManager$1.call(AsynchronousTaskManager.java:77)
	at com.atlassian.upm.rest.async.AsynchronousTaskManager$1.call(AsynchronousTaskManager.java:72)
	at com.atlassian.sal.core.executor.ThreadLocalDelegateCallable.call(ThreadLocalDelegateCallable.java:42)
	at java.util.concurrent.FutureTask$Sync.innerRun(Unknown Source)
	at java.util.concurrent.FutureTask.run(Unknown Source)
	at java.util.concurrent.ThreadPoolExecutor.runWorker(Unknown Source)
	at java.util.concurrent.ThreadPoolExecutor$Worker.run(Unknown Source)
	at java.lang.Thread.run(Unknown Source)
Caused by: java.lang.RuntimeException: There was a problem evicting or flushing a PluginData object
	at com.atlassian.confluence.plugin.persistence.hibernate.HibernatePluginDataDao.saveOrUpdate(HibernatePluginDataDao.java:65)
	at sun.reflect.NativeMethodAccessorImpl.invoke0(Native Method)
	at sun.reflect.NativeMethodAccessorImpl.invoke(Unknown Source)
	at sun.reflect.DelegatingMethodAccessorImpl.invoke(Unknown Source)
	at java.lang.reflect.Method.invoke(Unknown Source)
	at org.springframework.aop.support.AopUtils.invokeJoinpointUsingReflection(AopUtils.java:307)
	at org.springframework.aop.framework.ReflectiveMethodInvocation.invokeJoinpoint(ReflectiveMethodInvocation.java:182)
	at org.springframework.aop.framework.ReflectiveMethodInvocation.proceed(ReflectiveMethodInvocation.java:149)
	at org.springframework.transaction.interceptor.TransactionInterceptor.invoke(TransactionInterceptor.java:106)
	at org.springframework.aop.framework.ReflectiveMethodInvocation.proceed(ReflectiveMethodInvocation.java:171)
	at org.springframework.aop.framework.JdkDynamicAopProxy.invoke(JdkDynamicAopProxy.java:204)
	at com.sun.proxy.$Proxy7.saveOrUpdate(Unknown Source)
	at com.atlassian.confluence.plugin.DefaultPluginInstaller.installPlugin(DefaultPluginInstaller.java:31)
	at sun.reflect.NativeMethodAccessorImpl.invoke0(Native Method)
	at sun.reflect.NativeMethodAccessorImpl.invoke(Unknown Source)
	at sun.reflect.DelegatingMethodAccessorImpl.invoke(Unknown Source)
	at java.lang.reflect.Method.invoke(Unknown Source)
	at org.springframework.aop.support.AopUtils.invokeJoinpointUsingReflection(AopUtils.java:307)
	at org.springframework.aop.framework.ReflectiveMethodInvocation.invokeJoinpoint(ReflectiveMethodInvocation.java:182)
	at org.springframework.aop.framework.ReflectiveMethodInvocation.proceed(ReflectiveMethodInvocation.java:149)
	at org.springframework.transaction.interceptor.TransactionInterceptor.invoke(TransactionInterceptor.java:106)
	at org.springframework.aop.framework.ReflectiveMethodInvocation.proceed(ReflectiveMethodInvocation.java:171)
	at org.springframework.aop.framework.JdkDynamicAopProxy.invoke(JdkDynamicAopProxy.java:204)
	at com.sun.proxy.$Proxy9.installPlugin(Unknown Source)
	at com.atlassian.plugin.manager.NoOpRevertablePluginInstaller.installPlugin(NoOpRevertablePluginInstaller.java:34)
	at com.atlassian.plugin.manager.DefaultPluginManager.installPlugins(DefaultPluginManager.java:357)
	at com.atlassian.confluence.plugin.EventDispatchingPluginController.installPlugins(EventDispatchingPluginController.java:89)
	at sun.reflect.NativeMethodAccessorImpl.invoke0(Native Method)
	at sun.reflect.NativeMethodAccessorImpl.invoke(Unknown Source)
	at sun.reflect.DelegatingMethodAccessorImpl.invoke(Unknown Source)
	at java.lang.reflect.Method.invoke(Unknown Source)
	at org.springframework.aop.support.AopUtils.invokeJoinpointUsingReflection(AopUtils.java:307)
	at org.springframework.aop.framework.ReflectiveMethodInvocation.invokeJoinpoint(ReflectiveMethodInvocation.java:182)
	at org.springframework.aop.framework.ReflectiveMethodInvocation.proceed(ReflectiveMethodInvocation.java:149)
	at org.springframework.transaction.interceptor.TransactionInterceptor.invoke(TransactionInterceptor.java:106)
	at org.springframework.aop.framework.ReflectiveMethodInvocation.proceed(ReflectiveMethodInvocation.java:171)
	at org.springframework.aop.framework.JdkDynamicAopProxy.invoke(JdkDynamicAopProxy.java:204)
	at com.sun.proxy.$Proxy63.installPlugins(Unknown Source)
	at sun.reflect.NativeMethodAccessorImpl.invoke0(Native Method)
	at sun.reflect.NativeMethodAccessorImpl.invoke(Unknown Source)
	at sun.reflect.DelegatingMethodAccessorImpl.invoke(Unknown Source)
	at java.lang.reflect.Method.invoke(Unknown Source)
	at com.atlassian.plugin.osgi.hostcomponents.impl.DefaultComponentRegistrar$ContextClassLoaderSettingInvocationHandler.invoke(DefaultComponentRegistrar.java:129)
	at com.sun.proxy.$Proxy274.installPlugins(Unknown Source)
	at sun.reflect.NativeMethodAccessorImpl.invoke0(Native Method)
	at sun.reflect.NativeMethodAccessorImpl.invoke(Unknown Source)
	at sun.reflect.DelegatingMethodAccessorImpl.invoke(Unknown Source)
	at java.lang.reflect.Method.invoke(Unknown Source)
	at org.springframework.aop.support.AopUtils.invokeJoinpointUsingReflection(AopUtils.java:307)
	at org.springframework.osgi.service.importer.support.internal.aop.ServiceInvoker.doInvoke(ServiceInvoker.java:58)
	at org.springframework.osgi.service.importer.support.internal.aop.ServiceInvoker.invoke(ServiceInvoker.java:62)
	at org.springframework.aop.framework.ReflectiveMethodInvocation.proceed(ReflectiveMethodInvocation.java:171)
	at org.springframework.aop.support.DelegatingIntroductionInterceptor.doProceed(DelegatingIntroductionInterceptor.java:131)
	at org.springframework.aop.support.DelegatingIntroductionInterceptor.invoke(DelegatingIntroductionInterceptor.java:119)
	at org.springframework.aop.framework.ReflectiveMethodInvocation.proceed(ReflectiveMethodInvocation.java:171)
	at org.springframework.osgi.service.util.internal.aop.ServiceTCCLInterceptor.invokeUnprivileged(ServiceTCCLInterceptor.java:56)
	at org.springframework.osgi.service.util.internal.aop.ServiceTCCLInterceptor.invoke(ServiceTCCLInterceptor.java:39)
	at org.springframework.aop.framework.ReflectiveMethodInvocation.proceed(ReflectiveMethodInvocation.java:171)
	at org.springframework.osgi.service.importer.support.LocalBundleContextAdvice.invoke(LocalBundleContextAdvice.java:59)
	at org.springframework.aop.framework.ReflectiveMethodInvocation.proceed(ReflectiveMethodInvocation.java:171)
	at org.springframework.aop.support.DelegatingIntroductionInterceptor.doProceed(DelegatingIntroductionInterceptor.java:131)
	at org.springframework.aop.support.DelegatingIntroductionInterceptor.invoke(DelegatingIntroductionInterceptor.java:119)
	at org.springframework.aop.framework.ReflectiveMethodInvocation.proceed(ReflectiveMethodInvocation.java:171)
	at org.springframework.aop.framework.JdkDynamicAopProxy.invoke(JdkDynamicAopProxy.java:204)
	at com.sun.proxy.$Proxy1536.installPlugins(Unknown Source)
	at com.atlassian.upm.manager.install.PluginArtifactInstallerImpl$1.doInTransaction(PluginArtifactInstallerImpl.java:56)
	at com.atlassian.upm.manager.install.PluginArtifactInstallerImpl$1.doInTransaction(PluginArtifactInstallerImpl.java:51)
	at com.atlassian.sal.core.transaction.HostContextTransactionTemplate$1.doInTransaction(HostContextTransactionTemplate.java:25)
	at com.atlassian.sal.spring.component.SpringHostContextAccessor$1.doInTransaction(SpringHostContextAccessor.java:88)
	at org.springframework.transaction.support.TransactionTemplate.execute(TransactionTemplate.java:128)
	at com.atlassian.sal.spring.component.SpringHostContextAccessor.doInTransaction(SpringHostContextAccessor.java:82)
	at sun.reflect.GeneratedMethodAccessor108.invoke(Unknown Source)
	at sun.reflect.DelegatingMethodAccessorImpl.invoke(Unknown Source)
	at java.lang.reflect.Method.invoke(Unknown Source)
	at com.atlassian.plugin.osgi.hostcomponents.impl.DefaultComponentRegistrar$ContextClassLoaderSettingInvocationHandler.invoke(DefaultComponentRegistrar.java:129)
	at com.sun.proxy.$Proxy197.doInTransaction(Unknown Source)
	at sun.reflect.GeneratedMethodAccessor108.invoke(Unknown Source)
	at sun.reflect.DelegatingMethodAccessorImpl.invoke(Unknown Source)
	at java.lang.reflect.Method.invoke(Unknown Source)
	at com.atlassian.plugin.osgi.bridge.external.HostComponentFactoryBean$DynamicServiceInvocationHandler.invoke(HostComponentFactoryBean.java:154)
	at com.sun.proxy.$Proxy197.doInTransaction(Unknown Source)
	at com.atlassian.sal.core.transaction.HostContextTransactionTemplate.execute(HostContextTransactionTemplate.java:21)
	at sun.reflect.GeneratedMethodAccessor211.invoke(Unknown Source)
	at sun.reflect.DelegatingMethodAccessorImpl.invoke(Unknown Source)
	at java.lang.reflect.Method.invoke(Unknown Source)
	at org.springframework.aop.support.AopUtils.invokeJoinpointUsingReflection(AopUtils.java:307)
	at org.springframework.osgi.service.importer.support.internal.aop.ServiceInvoker.doInvoke(ServiceInvoker.java:58)
	at org.springframework.osgi.service.importer.support.internal.aop.ServiceInvoker.invoke(ServiceInvoker.java:62)
	at org.springframework.aop.framework.ReflectiveMethodInvocation.proceed(ReflectiveMethodInvocation.java:171)
	at org.springframework.aop.support.DelegatingIntroductionInterceptor.doProceed(DelegatingIntroductionInterceptor.java:131)
	at org.springframework.aop.support.DelegatingIntroductionInterceptor.invoke(DelegatingIntroductionInterceptor.java:119)
	at org.springframework.aop.framework.ReflectiveMethodInvocation.proceed(ReflectiveMethodInvocation.java:171)
	at org.springframework.osgi.service.util.internal.aop.ServiceTCCLInterceptor.invokeUnprivileged(ServiceTCCLInterceptor.java:56)
	at org.springframework.osgi.service.util.internal.aop.ServiceTCCLInterceptor.invoke(ServiceTCCLInterceptor.java:39)
	at org.springframework.aop.framework.ReflectiveMethodInvocation.proceed(ReflectiveMethodInvocation.java:171)
	at org.springframework.osgi.service.importer.support.LocalBundleContextAdvice.invoke(LocalBundleContextAdvice.java:59)
	at org.springframework.aop.framework.ReflectiveMethodInvocation.proceed(ReflectiveMethodInvocation.java:171)
	at org.springframework.aop.support.DelegatingIntroductionInterceptor.doProceed(DelegatingIntroductionInterceptor.java:131)
	at org.springframework.aop.support.DelegatingIntroductionInterceptor.invoke(DelegatingIntroductionInterceptor.java:119)
	at org.springframework.aop.framework.ReflectiveMethodInvocation.proceed(ReflectiveMethodInvocation.java:171)
	at org.springframework.aop.framework.JdkDynamicAopProxy.invoke(JdkDynamicAopProxy.java:204)
	at com.sun.proxy.$Proxy1531.execute(Unknown Source)
	at com.atlassian.upm.manager.install.PluginArtifactInstallerImpl.installPlugins(PluginArtifactInstallerImpl.java:50)
	at com.atlassian.upm.manager.install.AbstractPluginInstallHandler.installSingleArtifact(AbstractPluginInstallHandler.java:100)
	at com.atlassian.upm.manager.install.ObrPluginInstallHandler.installResources(ObrPluginInstallHandler.java:216)
	at com.atlassian.upm.manager.install.ObrPluginInstallHandler.installPluginInternal(ObrPluginInstallHandler.java:142)
	... 16 more
Caused by: net.sf.hibernate.exception.GenericJDBCException: could not insert: [com.atlassian.confluence.plugin.persistence.PluginData#18284545]
	at net.sf.hibernate.exception.ErrorCodeConverter.handledNonSpecificException(ErrorCodeConverter.java:90)
	at net.sf.hibernate.exception.ErrorCodeConverter.convert(ErrorCodeConverter.java:79)
	at net.sf.hibernate.exception.JDBCExceptionHelper.convert(JDBCExceptionHelper.java:29)
	at net.sf.hibernate.persister.AbstractEntityPersister.convert(AbstractEntityPersister.java:1331)
	at net.sf.hibernate.persister.EntityPersister.insert(EntityPersister.java:472)
	at net.sf.hibernate.persister.EntityPersister.insert(EntityPersister.java:436)
	at net.sf.hibernate.impl.ScheduledInsertion.execute(ScheduledInsertion.java:37)
	at net.sf.hibernate.impl.SessionImpl.execute(SessionImpl.java:2464)
	at net.sf.hibernate.impl.SessionImpl.executeAll(SessionImpl.java:2450)
	at net.sf.hibernate.impl.SessionImpl.execute(SessionImpl.java:2407)
	at net.sf.hibernate.impl.SessionImpl.flush(SessionImpl.java:2276)
	at com.atlassian.confluence.plugin.persistence.hibernate.HibernatePluginDataDao.saveOrUpdate(HibernatePluginDataDao.java:60)
	... 121 more
Caused by: com.mysql.jdbc.PacketTooBigException: Packet for query is too large (24674564 > 5242880). You can change this value on the server by setting the max_allowed_packet' variable.
	at com.mysql.jdbc.MysqlIO.send(MysqlIO.java:3250)
	at com.mysql.jdbc.MysqlIO.sendCommand(MysqlIO.java:1940)
	at com.mysql.jdbc.MysqlIO.sqlQueryDirect(MysqlIO.java:2113)
	at com.mysql.jdbc.ConnectionImpl.execSQL(ConnectionImpl.java:2693)
	at com.mysql.jdbc.PreparedStatement.executeInternal(PreparedStatement.java:2102)
	at com.mysql.jdbc.PreparedStatement.executeUpdate(PreparedStatement.java:2395)
	at com.mysql.jdbc.PreparedStatement.executeUpdate(PreparedStatement.java:2313)
	at com.mysql.jdbc.PreparedStatement.executeUpdate(PreparedStatement.java:2298)
	at com.mchange.v2.c3p0.impl.NewProxyPreparedStatement.executeUpdate(NewProxyPreparedStatement.java:105)
	at net.sf.hibernate.impl.NonBatchingBatcher.addToBatch(NonBatchingBatcher.java:22)
	at net.sf.hibernate.persister.EntityPersister.insert(EntityPersister.java:462)
	... 128 more
2014-01-17 21:05:10,284 ERROR [UpmAsynchronousTaskManager:thread-2] [atlassian.upm.manager.PluginInstaller] execute Failed to install plugin 'gliffy-confluence-plugin-6.0.3.obr': Plugin installation failed: MySQL max_allowed_packet is too low and plugin could not be inserted to the database
 -- referer: https://powerme.pwrplan.com/plugins/servlet/upm | url: /rest/plugins/1.0/ | userName: sysadmin
2014-01-17 21:05:22,936 ERROR [http-443-16] [confluence.status.service.DefaultSystemInformationService] getModifications 
 -- referer: https://powerme.pwrplan.com/plugins/servlet/stp/view/ | url: /plugins/servlet/stp/view/system-info/view | userName: sysadmin
2014-01-17 21:08:52,273 ERROR [UpmAsynchronousTaskManager:thread-4] [sf.hibernate.util.JDBCExceptionReporter] logExceptions Packet for query is too large (24674564 > 5242880). You can change this value on the server by setting the max_allowed_packet' variable.
 -- referer: https://powerme.pwrplan.com/plugins/servlet/upm | url: /rest/plugins/1.0/ | userName: sysadmin
2014-01-17 21:08:52,273 ERROR [UpmAsynchronousTaskManager:thread-4] [sf.hibernate.impl.SessionImpl] execute Could not synchronize database state with session
 -- referer: https://powerme.pwrplan.com/plugins/servlet/upm | url: /rest/plugins/1.0/ | userName: sysadmin
2014-01-17 21:08:52,553 WARN [UpmAsynchronousTaskManager:thread-4] [upm.manager.install.ObrPluginInstallHandler] installPluginInternal Failed to remove local OBR repository resources
 -- referer: https://powerme.pwrplan.com/plugins/servlet/upm | url: /rest/plugins/1.0/ | userName: sysadmin
2014-01-17 21:08:52,553 WARN [UpmAsynchronousTaskManager:thread-4] [atlassian.upm.manager.PluginInstallationServiceImpl] installPlugin Plugin installation failed: Failed to install OBR jar artifact
 -- referer: https://powerme.pwrplan.com/plugins/servlet/upm | url: /rest/plugins/1.0/ | userName: sysadmin
2014-01-17 21:08:52,553 WARN [UpmAsynchronousTaskManager:thread-4] [atlassian.upm.manager.PluginInstallationServiceImpl] installPlugin com.atlassian.upm.spi.PluginInstallException: Failed to install OBR jar artifact
 -- referer: https://powerme.pwrplan.com/plugins/servlet/upm | url: /rest/plugins/1.0/ | userName: sysadmin
com.atlassian.upm.spi.PluginInstallException: Failed to install OBR jar artifact
	at com.atlassian.upm.manager.install.ObrPluginInstallHandler.installPluginInternal(ObrPluginInstallHandler.java:157)
	at com.atlassian.upm.manager.install.AbstractPluginInstallHandler.installPlugin(AbstractPluginInstallHandler.java:55)
	at com.atlassian.upm.manager.PluginInstallationServiceImpl.installPlugin(PluginInstallationServiceImpl.java:85)
	at com.atlassian.upm.manager.PluginInstaller.execute(PluginInstaller.java:141)
	at com.atlassian.upm.manager.PluginInstaller.install(PluginInstaller.java:96)
	at com.atlassian.upm.rest.resources.install.InstallTask.installFromFile(InstallTask.java:121)
	at com.atlassian.upm.rest.resources.install.InstallFromFileTask.executeTask(InstallFromFileTask.java:39)
	at com.atlassian.upm.rest.resources.install.InstallTask.call(InstallTask.java:62)
	at com.atlassian.upm.rest.resources.install.InstallTask.call(InstallTask.java:32)
	at com.atlassian.upm.rest.async.AsynchronousTaskManager$1.call(AsynchronousTaskManager.java:77)
	at com.atlassian.upm.rest.async.AsynchronousTaskManager$1.call(AsynchronousTaskManager.java:72)
	at com.atlassian.sal.core.executor.ThreadLocalDelegateCallable.call(ThreadLocalDelegateCallable.java:42)
	at java.util.concurrent.FutureTask$Sync.innerRun(Unknown Source)
	at java.util.concurrent.FutureTask.run(Unknown Source)
	at java.util.concurrent.ThreadPoolExecutor.runWorker(Unknown Source)
	at java.util.concurrent.ThreadPoolExecutor$Worker.run(Unknown Source)
	at java.lang.Thread.run(Unknown Source)
Caused by: java.lang.RuntimeException: There was a problem evicting or flushing a PluginData object
	at com.atlassian.confluence.plugin.persistence.hibernate.HibernatePluginDataDao.saveOrUpdate(HibernatePluginDataDao.java:65)
	at sun.reflect.NativeMethodAccessorImpl.invoke0(Native Method)
	at sun.reflect.NativeMethodAccessorImpl.invoke(Unknown Source)
	at sun.reflect.DelegatingMethodAccessorImpl.invoke(Unknown Source)
	at java.lang.reflect.Method.invoke(Unknown Source)
	at org.springframework.aop.support.AopUtils.invokeJoinpointUsingReflection(AopUtils.java:307)
	at org.springframework.aop.framework.ReflectiveMethodInvocation.invokeJoinpoint(ReflectiveMethodInvocation.java:182)
	at org.springframework.aop.framework.ReflectiveMethodInvocation.proceed(ReflectiveMethodInvocation.java:149)
	at org.springframework.transaction.interceptor.TransactionInterceptor.invoke(TransactionInterceptor.java:106)
	at org.springframework.aop.framework.ReflectiveMethodInvocation.proceed(ReflectiveMethodInvocation.java:171)
	at org.springframework.aop.framework.JdkDynamicAopProxy.invoke(JdkDynamicAopProxy.java:204)
	at com.sun.proxy.$Proxy7.saveOrUpdate(Unknown Source)
	at com.atlassian.confluence.plugin.DefaultPluginInstaller.installPlugin(DefaultPluginInstaller.java:31)
	at sun.reflect.NativeMethodAccessorImpl.invoke0(Native Method)
	at sun.reflect.NativeMethodAccessorImpl.invoke(Unknown Source)
	at sun.reflect.DelegatingMethodAccessorImpl.invoke(Unknown Source)
	at java.lang.reflect.Method.invoke(Unknown Source)
	at org.springframework.aop.support.AopUtils.invokeJoinpointUsingReflection(AopUtils.java:307)
	at org.springframework.aop.framework.ReflectiveMethodInvocation.invokeJoinpoint(ReflectiveMethodInvocation.java:182)
	at org.springframework.aop.framework.ReflectiveMethodInvocation.proceed(ReflectiveMethodInvocation.java:149)
	at org.springframework.transaction.interceptor.TransactionInterceptor.invoke(TransactionInterceptor.java:106)
	at org.springframework.aop.framework.ReflectiveMethodInvocation.proceed(ReflectiveMethodInvocation.java:171)
	at org.springframework.aop.framework.JdkDynamicAopProxy.invoke(JdkDynamicAopProxy.java:204)
	at com.sun.proxy.$Proxy9.installPlugin(Unknown Source)
	at com.atlassian.plugin.manager.NoOpRevertablePluginInstaller.installPlugin(NoOpRevertablePluginInstaller.java:34)
	at com.atlassian.plugin.manager.DefaultPluginManager.installPlugins(DefaultPluginManager.java:357)
	at com.atlassian.confluence.plugin.EventDispatchingPluginController.installPlugins(EventDispatchingPluginController.java:89)
	at sun.reflect.NativeMethodAccessorImpl.invoke0(Native Method)
	at sun.reflect.NativeMethodAccessorImpl.invoke(Unknown Source)
	at sun.reflect.DelegatingMethodAccessorImpl.invoke(Unknown Source)
	at java.lang.reflect.Method.invoke(Unknown Source)
	at org.springframework.aop.support.AopUtils.invokeJoinpointUsingReflection(AopUtils.java:307)
	at org.springframework.aop.framework.ReflectiveMethodInvocation.invokeJoinpoint(ReflectiveMethodInvocation.java:182)
	at org.springframework.aop.framework.ReflectiveMethodInvocation.proceed(ReflectiveMethodInvocation.java:149)
	at org.springframework.transaction.interceptor.TransactionInterceptor.invoke(TransactionInterceptor.java:106)
	at org.springframework.aop.framework.ReflectiveMethodInvocation.proceed(ReflectiveMethodInvocation.java:171)
	at org.springframework.aop.framework.JdkDynamicAopProxy.invoke(JdkDynamicAopProxy.java:204)
	at com.sun.proxy.$Proxy63.installPlugins(Unknown Source)
	at sun.reflect.NativeMethodAccessorImpl.invoke0(Native Method)
	at sun.reflect.NativeMethodAccessorImpl.invoke(Unknown Source)
	at sun.reflect.DelegatingMethodAccessorImpl.invoke(Unknown Source)
	at java.lang.reflect.Method.invoke(Unknown Source)
	at com.atlassian.plugin.osgi.hostcomponents.impl.DefaultComponentRegistrar$ContextClassLoaderSettingInvocationHandler.invoke(DefaultComponentRegistrar.java:129)
	at com.sun.proxy.$Proxy274.installPlugins(Unknown Source)
	at sun.reflect.NativeMethodAccessorImpl.invoke0(Native Method)
	at sun.reflect.NativeMethodAccessorImpl.invoke(Unknown Source)
	at sun.reflect.DelegatingMethodAccessorImpl.invoke(Unknown Source)
	at java.lang.reflect.Method.invoke(Unknown Source)
	at org.springframework.aop.support.AopUtils.invokeJoinpointUsingReflection(AopUtils.java:307)
	at org.springframework.osgi.service.importer.support.internal.aop.ServiceInvoker.doInvoke(ServiceInvoker.java:58)
	at org.springframework.osgi.service.importer.support.internal.aop.ServiceInvoker.invoke(ServiceInvoker.java:62)
	at org.springframework.aop.framework.ReflectiveMethodInvocation.proceed(ReflectiveMethodInvocation.java:171)
	at org.springframework.aop.support.DelegatingIntroductionInterceptor.doProceed(DelegatingIntroductionInterceptor.java:131)
	at org.springframework.aop.support.DelegatingIntroductionInterceptor.invoke(DelegatingIntroductionInterceptor.java:119)
	at org.springframework.aop.framework.ReflectiveMethodInvocation.proceed(ReflectiveMethodInvocation.java:171)
	at org.springframework.osgi.service.util.internal.aop.ServiceTCCLInterceptor.invokeUnprivileged(ServiceTCCLInterceptor.java:56)
	at org.springframework.osgi.service.util.internal.aop.ServiceTCCLInterceptor.invoke(ServiceTCCLInterceptor.java:39)
	at org.springframework.aop.framework.ReflectiveMethodInvocation.proceed(ReflectiveMethodInvocation.java:171)
	at org.springframework.osgi.service.importer.support.LocalBundleContextAdvice.invoke(LocalBundleContextAdvice.java:59)
	at org.springframework.aop.framework.ReflectiveMethodInvocation.proceed(ReflectiveMethodInvocation.java:171)
	at org.springframework.aop.support.DelegatingIntroductionInterceptor.doProceed(DelegatingIntroductionInterceptor.java:131)
	at org.springframework.aop.support.DelegatingIntroductionInterceptor.invoke(DelegatingIntroductionInterceptor.java:119)
	at org.springframework.aop.framework.ReflectiveMethodInvocation.proceed(ReflectiveMethodInvocation.java:171)
	at org.springframework.aop.framework.JdkDynamicAopProxy.invoke(JdkDynamicAopProxy.java:204)
	at com.sun.proxy.$Proxy1536.installPlugins(Unknown Source)
	at com.atlassian.upm.manager.install.PluginArtifactInstallerImpl$1.doInTransaction(PluginArtifactInstallerImpl.java:56)
	at com.atlassian.upm.manager.install.PluginArtifactInstallerImpl$1.doInTransaction(PluginArtifactInstallerImpl.java:51)
	at com.atlassian.sal.core.transaction.HostContextTransactionTemplate$1.doInTransaction(HostContextTransactionTemplate.java:25)
	at com.atlassian.sal.spring.component.SpringHostContextAccessor$1.doInTransaction(SpringHostContextAccessor.java:88)
	at org.springframework.transaction.support.TransactionTemplate.execute(TransactionTemplate.java:128)
	at com.atlassian.sal.spring.component.SpringHostContextAccessor.doInTransaction(SpringHostContextAccessor.java:82)
	at sun.reflect.GeneratedMethodAccessor108.invoke(Unknown Source)
	at sun.reflect.DelegatingMethodAccessorImpl.invoke(Unknown Source)
	at java.lang.reflect.Method.invoke(Unknown Source)
	at com.atlassian.plugin.osgi.hostcomponents.impl.DefaultComponentRegistrar$ContextClassLoaderSettingInvocationHandler.invoke(DefaultComponentRegistrar.java:129)
	at com.sun.proxy.$Proxy197.doInTransaction(Unknown Source)
	at sun.reflect.GeneratedMethodAccessor108.invoke(Unknown Source)
	at sun.reflect.DelegatingMethodAccessorImpl.invoke(Unknown Source)
	at java.lang.reflect.Method.invoke(Unknown Source)
	at com.atlassian.plugin.osgi.bridge.external.HostComponentFactoryBean$DynamicServiceInvocationHandler.invoke(HostComponentFactoryBean.java:154)
	at com.sun.proxy.$Proxy197.doInTransaction(Unknown Source)
	at com.atlassian.sal.core.transaction.HostContextTransactionTemplate.execute(HostContextTransactionTemplate.java:21)
	at sun.reflect.GeneratedMethodAccessor211.invoke(Unknown Source)
	at sun.reflect.DelegatingMethodAccessorImpl.invoke(Unknown Source)
	at java.lang.reflect.Method.invoke(Unknown Source)
	at org.springframework.aop.support.AopUtils.invokeJoinpointUsingReflection(AopUtils.java:307)
	at org.springframework.osgi.service.importer.support.internal.aop.ServiceInvoker.doInvoke(ServiceInvoker.java:58)
	at org.springframework.osgi.service.importer.support.internal.aop.ServiceInvoker.invoke(ServiceInvoker.java:62)
	at org.springframework.aop.framework.ReflectiveMethodInvocation.proceed(ReflectiveMethodInvocation.java:171)
	at org.springframework.aop.support.DelegatingIntroductionInterceptor.doProceed(DelegatingIntroductionInterceptor.java:131)
	at org.springframework.aop.support.DelegatingIntroductionInterceptor.invoke(DelegatingIntroductionInterceptor.java:119)
	at org.springframework.aop.framework.ReflectiveMethodInvocation.proceed(ReflectiveMethodInvocation.java:171)
	at org.springframework.osgi.service.util.internal.aop.ServiceTCCLInterceptor.invokeUnprivileged(ServiceTCCLInterceptor.java:56)
	at org.springframework.osgi.service.util.internal.aop.ServiceTCCLInterceptor.invoke(ServiceTCCLInterceptor.java:39)
	at org.springframework.aop.framework.ReflectiveMethodInvocation.proceed(ReflectiveMethodInvocation.java:171)
	at org.springframework.osgi.service.importer.support.LocalBundleContextAdvice.invoke(LocalBundleContextAdvice.java:59)
	at org.springframework.aop.framework.ReflectiveMethodInvocation.proceed(ReflectiveMethodInvocation.java:171)
	at org.springframework.aop.support.DelegatingIntroductionInterceptor.doProceed(DelegatingIntroductionInterceptor.java:131)
	at org.springframework.aop.support.DelegatingIntroductionInterceptor.invoke(DelegatingIntroductionInterceptor.java:119)
	at org.springframework.aop.framework.ReflectiveMethodInvocation.proceed(ReflectiveMethodInvocation.java:171)
	at org.springframework.aop.framework.JdkDynamicAopProxy.invoke(JdkDynamicAopProxy.java:204)
	at com.sun.proxy.$Proxy1531.execute(Unknown Source)
	at com.atlassian.upm.manager.install.PluginArtifactInstallerImpl.installPlugins(PluginArtifactInstallerImpl.java:50)
	at com.atlassian.upm.manager.install.AbstractPluginInstallHandler.installSingleArtifact(AbstractPluginInstallHandler.java:100)
	at com.atlassian.upm.manager.install.ObrPluginInstallHandler.installResources(ObrPluginInstallHandler.java:216)
	at com.atlassian.upm.manager.install.ObrPluginInstallHandler.installPluginInternal(ObrPluginInstallHandler.java:142)
	... 16 more
Caused by: net.sf.hibernate.exception.GenericJDBCException: could not insert: [com.atlassian.confluence.plugin.persistence.PluginData#18284546]
	at net.sf.hibernate.exception.ErrorCodeConverter.handledNonSpecificException(ErrorCodeConverter.java:90)
	at net.sf.hibernate.exception.ErrorCodeConverter.convert(ErrorCodeConverter.java:79)
	at net.sf.hibernate.exception.JDBCExceptionHelper.convert(JDBCExceptionHelper.java:29)
	at net.sf.hibernate.persister.AbstractEntityPersister.convert(AbstractEntityPersister.java:1331)
	at net.sf.hibernate.persister.EntityPersister.insert(EntityPersister.java:472)
	at net.sf.hibernate.persister.EntityPersister.insert(EntityPersister.java:436)
	at net.sf.hibernate.impl.ScheduledInsertion.execute(ScheduledInsertion.java:37)
	at net.sf.hibernate.impl.SessionImpl.execute(SessionImpl.java:2464)
	at net.sf.hibernate.impl.SessionImpl.executeAll(SessionImpl.java:2450)
	at net.sf.hibernate.impl.SessionImpl.execute(SessionImpl.java:2407)
	at net.sf.hibernate.impl.SessionImpl.flush(SessionImpl.java:2276)
	at com.atlassian.confluence.plugin.persistence.hibernate.HibernatePluginDataDao.saveOrUpdate(HibernatePluginDataDao.java:60)
	... 121 more
Caused by: com.mysql.jdbc.PacketTooBigException: Packet for query is too large (24674564 > 5242880). You can change this value on the server by setting the max_allowed_packet' variable.
	at com.mysql.jdbc.MysqlIO.send(MysqlIO.java:3250)
	at com.mysql.jdbc.MysqlIO.sendCommand(MysqlIO.java:1940)
	at com.mysql.jdbc.MysqlIO.sqlQueryDirect(MysqlIO.java:2113)
	at com.mysql.jdbc.ConnectionImpl.execSQL(ConnectionImpl.java:2693)
	at com.mysql.jdbc.PreparedStatement.executeInternal(PreparedStatement.java:2102)
	at com.mysql.jdbc.PreparedStatement.executeUpdate(PreparedStatement.java:2395)
	at com.mysql.jdbc.PreparedStatement.executeUpdate(PreparedStatement.java:2313)
	at com.mysql.jdbc.PreparedStatement.executeUpdate(PreparedStatement.java:2298)
	at com.mchange.v2.c3p0.impl.NewProxyPreparedStatement.executeUpdate(NewProxyPreparedStatement.java:105)
	at net.sf.hibernate.impl.NonBatchingBatcher.addToBatch(NonBatchingBatcher.java:22)
	at net.sf.hibernate.persister.EntityPersister.insert(EntityPersister.java:462)
	... 128 more
2014-01-17 21:08:52,553 ERROR [UpmAsynchronousTaskManager:thread-4] [atlassian.upm.manager.PluginInstaller] execute Failed to install plugin 'gliffy-confluence-plugin-6.0.3.obr': Plugin installation failed: MySQL max_allowed_packet is too low and plugin could not be inserted to the database